
> gitroom@1.0.0 dev
> pnpm run --filter ./apps/extension --filter ./apps/cron --filter ./apps/workers --filter ./apps/backend --filter ./apps/frontend --parallel dev

Scope: 5 of 8 workspace projects
apps/backend dev$ dotenv -e ../../.env -- nest start --watch --entryFile=./apps/backend/src/main
apps/cron dev$ dotenv -e ../../.env -- nest start --watch --entryFile=./apps/cron/src/main
apps/extension dev$ rm -rf dist && dotenv -e ../../.env -- vite build --config vite.config.chrome.ts --mode development --watch
apps/frontend dev$ dotenv -e ../../.env -- next dev -p 4200
apps/workers dev$ dotenv -e ../../.env -- nest start --watch --entryFile=./apps/workers/src/main
apps/backend dev: c[[90m9:05:19 PM[0m] Starting compilation in watch mode...
apps/backend dev: To restart at any time, enter rs.
apps/cron dev: c[[90m9:05:20 PM[0m] Starting compilation in watch mode...
apps/cron dev: To restart at any time, enter rs.
apps/workers dev: c[[90m9:05:20 PM[0m] Starting compilation in watch mode...
apps/workers dev: To restart at any time, enter rs.
apps/extension dev: vite v6.3.5 building for development...
apps/extension dev: watching for file changes...
apps/extension dev: build started...
apps/extension dev: transforming...
apps/frontend dev:   ▲ Next.js 14.2.30
apps/frontend dev:   - Local:        http://localhost:4200
apps/frontend dev:   - Experiments (use with caution):
apps/frontend dev:     · proxyTimeout
apps/frontend dev:     · instrumentationHook
apps/frontend dev:  ✓ Starting...
apps/extension dev: ✓ 46 modules transformed.
apps/extension dev: rendering chunks...
apps/extension dev: Deleted dev-icon-32.png from prod build
apps/extension dev: Deleted dev-icon-128.png from prod build
apps/extension dev: The emitted file "icon-128.png" overwrites a previously emitted file of the same name.
apps/extension dev: The emitted file "icon-32.png" overwrites a previously emitted file of the same name.
apps/extension dev: computing gzip size...
apps/extension dev: dist/service-worker-loader.js                     0.04 kB
apps/extension dev: dist/assets/index.tsx-loader-CuK9Nyqe.js          0.34 kB
apps/extension dev: dist/src/pages/options/index.html                 0.48 kB │ gzip:  0.27 kB
apps/extension dev: dist/src/pages/popup/index.html                   0.56 kB │ gzip:  0.29 kB
apps/extension dev: dist/icon-32.png                                  1.05 kB
apps/extension dev: dist/manifest.json                                1.50 kB │ gzip:  0.58 kB
apps/extension dev: dist/.vite/manifest.json                          1.89 kB │ gzip:  0.46 kB
apps/extension dev: dist/icon-128.png                                 5.73 kB
apps/extension dev: dist/contentStyle.css                             0.00 kB │ gzip:  0.02 kB
apps/extension dev: dist/assets/index-tNvtlvL0.css                    0.11 kB │ gzip:  0.11 kB
apps/extension dev: dist/assets/index-CYIR1OL3.css                    1.17 kB │ gzip:  0.58 kB
apps/extension dev: dist/assets/index-9tXnGx3d.css                    1.18 kB │ gzip:  0.56 kB
apps/extension dev: dist/assets/index.html-BnA4fkxV.js                0.32 kB │ gzip:  0.26 kB
apps/extension dev: dist/assets/index.ts-CinEZeJB.js                  0.63 kB │ gzip:  0.39 kB
apps/extension dev: dist/assets/modulepreload-polyfill-B5Qt9EMX.js    0.71 kB │ gzip:  0.40 kB
apps/extension dev: dist/assets/index.html-CAmladpA.js                1.15 kB │ gzip:  0.65 kB
apps/extension dev: dist/assets/load.cookie-Cd_K7Yt8.js               1.43 kB │ gzip:  0.72 kB
apps/extension dev: dist/assets/index.tsx-BH0iMHbn.js                 4.24 kB │ gzip:  1.84 kB
apps/extension dev: dist/assets/client-Cx-Xs8Ip.js                  142.78 kB │ gzip: 45.71 kB
apps/extension dev: built in 2005ms.
apps/frontend dev:  ○ Compiling /instrumentation ...
apps/frontend dev:  ✓ Compiled /instrumentation in 3.7s (1111 modules)
apps/frontend dev:  ✓ Ready in 7.4s
apps/extension dev: Failed
apps/frontend dev: [?25h
apps/frontend dev: Failed
apps/backend dev: Failed
apps/cron dev: Failed
apps/workers dev: Failed

> gitroom@1.0.0 dev
> pnpm run --filter ./apps/extension --filter ./apps/cron --filter ./apps/workers --filter ./apps/backend --filter ./apps/frontend --parallel dev

Scope: 5 of 8 workspace projects
apps/backend dev$ dotenv -e ../../.env -- nest start --watch --entryFile=./apps/backend/src/main
apps/cron dev$ dotenv -e ../../.env -- nest start --watch --entryFile=./apps/cron/src/main
apps/extension dev$ rm -rf dist && dotenv -e ../../.env -- vite build --config vite.config.chrome.ts --mode development --watch
apps/frontend dev$ dotenv -e ../../.env -- next dev -p 4200
apps/workers dev$ dotenv -e ../../.env -- nest start --watch --entryFile=./apps/workers/src/main
apps/cron dev: c[[90m9:10:05 PM[0m] Starting compilation in watch mode...
apps/cron dev: To restart at any time, enter rs.
apps/frontend dev:  ⨯ Failed to start server
apps/frontend dev: Error: listen EADDRINUSE: address already in use :::4200
apps/frontend dev:     at Server.setupListenHandle [as _listen2] (node:net:1908:16)
apps/frontend dev:     at listenInCluster (node:net:1965:12)
apps/frontend dev:     at Server.listen (node:net:2067:7)
apps/frontend dev:     at /root/projects/postiz-app/node_modules/next/dist/server/lib/start-server.js:280:16
apps/frontend dev:     at new Promise (<anonymous>)
apps/frontend dev:     at startServer (/root/projects/postiz-app/node_modules/next/dist/server/lib/start-server.js:191:11)
apps/frontend dev:     at /root/projects/postiz-app/node_modules/next/dist/server/lib/start-server.js:310:52
apps/frontend dev:     at Span.traceAsyncFn (/root/projects/postiz-app/node_modules/next/dist/trace/trace.js:154:26)
apps/frontend dev:     at process.<anonymous> (/root/projects/postiz-app/node_modules/next/dist/server/lib/start-server.js:310:35)
apps/frontend dev:     at process.emit (node:events:524:28) {
apps/frontend dev:   code: 'EADDRINUSE',
apps/frontend dev:   errno: -98,
apps/frontend dev:   syscall: 'listen',
apps/frontend dev:   address: '::',
apps/frontend dev:   port: 4200
apps/frontend dev: }
apps/frontend dev: [?25h
apps/frontend dev: Done
apps/backend dev: c[[90m9:10:05 PM[0m] Starting compilation in watch mode...
apps/backend dev: To restart at any time, enter rs.
apps/workers dev: c[[90m9:10:05 PM[0m] Starting compilation in watch mode...
apps/workers dev: To restart at any time, enter rs.
apps/cron dev: Failed
apps/backend dev: Failed
apps/extension dev: Failed
apps/workers dev: Failed
